<?xml version="1.0" encoding="UTF-8"?>
<!-- Generated by org.testng.reporters.JUnitXMLReporter -->
<testsuite ignored="0" hostname="Mohits-MBP" failures="3" tests="4" name="TestNG" time="35.661" errors="0" timestamp="2023-09-06T09:51:03 GMT-04:00">
  <testcase classname="testLayer.LoginTest" name="Title" time="0.017"/>
  <testcase classname="testLayer.LoginTest" name="Login" time="0.027">
    <failure type="org.openqa.selenium.NoSuchElementException" message="Unable to locate element: #app &amp;gt; div.orangehrm-login-layout &amp;gt; div &amp;gt; div.orangehrm-login-container &amp;gt; div &amp;gt; div.orangehrm-login-slot &amp;gt; div.orangehrm-login-form &amp;gt; form &amp;gt; div:nth-child(2) &amp;gt; div &amp;gt; div:nth-child(2) &amp;gt; input
For documentation on this error, please visit: https://www.selenium.dev/documentation/webdriver/troubleshooting/errors#no-such-element-exception
Build info: version: &amp;apos;4.10.0&amp;apos;, revision: &amp;apos;c14d967899&amp;apos;
System info: os.name: &amp;apos;Mac OS X&amp;apos;, os.arch: &amp;apos;x86_64&amp;apos;, os.version: &amp;apos;12.1&amp;apos;, java.version: &amp;apos;20.0.2&amp;apos;
Driver info: org.openqa.selenium.firefox.FirefoxDriver
Command: [6ce4dfda-ab44-4a56-a4a6-bd6cd9e31191, findElement {using=css selector, value=#app &amp;gt; div.orangehrm-login-layout &amp;gt; div &amp;gt; div.orangehrm-login-container &amp;gt; div &amp;gt; div.orangehrm-login-slot &amp;gt; div.orangehrm-login-form &amp;gt; form &amp;gt; div:nth-child(2) &amp;gt; div &amp;gt; div:nth-child(2) &amp;gt; input}]
Capabilities {acceptInsecureCerts: true, browserName: firefox, browserVersion: 116.0.3, moz:accessibilityChecks: false, moz:buildID: 20230815173142, moz:debuggerAddress: 127.0.0.1:14817, moz:geckodriverVersion: 0.33.0, moz:headless: false, moz:platformVersion: 21.2.0, moz:processID: 6967, moz:profile: /var/folders/t4/5nzq56xd4wb..., moz:shutdownTimeout: 60000, moz:webdriverClick: true, moz:windowless: false, pageLoadStrategy: normal, platformName: mac, proxy: Proxy(), se:cdp: ws://127.0.0.1:14817/devtoo..., se:cdpVersion: 85.0, setWindowRect: true, strictFileInteractability: false, timeouts: {implicit: 0, pageLoad: 300000, script: 30000}, unhandledPromptBehavior: dismiss and notify}
Session ID: 6ce4dfda-ab44-4a56-a4a6-bd6cd9e31191">
      <![CDATA[org.openqa.selenium.NoSuchElementException: Unable to locate element: #app > div.orangehrm-login-layout > div > div.orangehrm-login-container > div > div.orangehrm-login-slot > div.orangehrm-login-form > form > div:nth-child(2) > div > div:nth-child(2) > input
For documentation on this error, please visit: https://www.selenium.dev/documentation/webdriver/troubleshooting/errors#no-such-element-exception
Build info: version: '4.10.0', revision: 'c14d967899'
System info: os.name: 'Mac OS X', os.arch: 'x86_64', os.version: '12.1', java.version: '20.0.2'
Driver info: org.openqa.selenium.firefox.FirefoxDriver
Command: [6ce4dfda-ab44-4a56-a4a6-bd6cd9e31191, findElement {using=css selector, value=#app > div.orangehrm-login-layout > div > div.orangehrm-login-container > div > div.orangehrm-login-slot > div.orangehrm-login-form > form > div:nth-child(2) > div > div:nth-child(2) > input}]
Capabilities {acceptInsecureCerts: true, browserName: firefox, browserVersion: 116.0.3, moz:accessibilityChecks: false, moz:buildID: 20230815173142, moz:debuggerAddress: 127.0.0.1:14817, moz:geckodriverVersion: 0.33.0, moz:headless: false, moz:platformVersion: 21.2.0, moz:processID: 6967, moz:profile: /var/folders/t4/5nzq56xd4wb..., moz:shutdownTimeout: 60000, moz:webdriverClick: true, moz:windowless: false, pageLoadStrategy: normal, platformName: mac, proxy: Proxy(), se:cdp: ws://127.0.0.1:14817/devtoo..., se:cdpVersion: 85.0, setWindowRect: true, strictFileInteractability: false, timeouts: {implicit: 0, pageLoad: 300000, script: 30000}, unhandledPromptBehavior: dismiss and notify}
Session ID: 6ce4dfda-ab44-4a56-a4a6-bd6cd9e31191
at org.openqa.selenium.remote.codec.w3c.W3CHttpResponseCodec.createException(W3CHttpResponseCodec.java:199)
at org.openqa.selenium.remote.codec.w3c.W3CHttpResponseCodec.decode(W3CHttpResponseCodec.java:132)
at org.openqa.selenium.remote.codec.w3c.W3CHttpResponseCodec.decode(W3CHttpResponseCodec.java:51)
at org.openqa.selenium.remote.HttpCommandExecutor.execute(HttpCommandExecutor.java:191)
at org.openqa.selenium.remote.service.DriverCommandExecutor.invokeExecute(DriverCommandExecutor.java:196)
at org.openqa.selenium.remote.service.DriverCommandExecutor.execute(DriverCommandExecutor.java:171)
at org.openqa.selenium.remote.RemoteWebDriver.execute(RemoteWebDriver.java:531)
at org.openqa.selenium.remote.ElementLocation$ElementFinder$2.findElement(ElementLocation.java:165)
at org.openqa.selenium.remote.ElementLocation.findElement(ElementLocation.java:59)
at org.openqa.selenium.remote.RemoteWebDriver.findElement(RemoteWebDriver.java:350)
at org.openqa.selenium.remote.RemoteWebDriver.findElement(RemoteWebDriver.java:344)
at org.openqa.selenium.support.pagefactory.DefaultElementLocator.findElement(DefaultElementLocator.java:68)
at org.openqa.selenium.support.pagefactory.internal.LocatingElementHandler.invoke(LocatingElementHandler.java:38)
at jdk.proxy2/jdk.proxy2.$Proxy16.sendKeys(Unknown Source)
at pompackage.PomLogin.typeusername(PomLogin.java:25)
at testLayer.LoginTest.Login(LoginTest.java:42)
at java.base/java.util.ArrayList.forEach(ArrayList.java:1511)
... Removed 28 stack frames]]>
    </failure>
  </testcase> <!-- Login -->
  <testcase classname="testLayer.LoginTest" name="Login" time="0.014">
    <failure type="org.openqa.selenium.NoSuchElementException" message="Unable to locate element: #app &amp;gt; div.orangehrm-login-layout &amp;gt; div &amp;gt; div.orangehrm-login-container &amp;gt; div &amp;gt; div.orangehrm-login-slot &amp;gt; div.orangehrm-login-form &amp;gt; form &amp;gt; div:nth-child(2) &amp;gt; div &amp;gt; div:nth-child(2) &amp;gt; input
For documentation on this error, please visit: https://www.selenium.dev/documentation/webdriver/troubleshooting/errors#no-such-element-exception
Build info: version: &amp;apos;4.10.0&amp;apos;, revision: &amp;apos;c14d967899&amp;apos;
System info: os.name: &amp;apos;Mac OS X&amp;apos;, os.arch: &amp;apos;x86_64&amp;apos;, os.version: &amp;apos;12.1&amp;apos;, java.version: &amp;apos;20.0.2&amp;apos;
Driver info: org.openqa.selenium.firefox.FirefoxDriver
Command: [3bb76c32-9c0e-4c64-9360-4bc0ac7731ff, findElement {using=css selector, value=#app &amp;gt; div.orangehrm-login-layout &amp;gt; div &amp;gt; div.orangehrm-login-container &amp;gt; div &amp;gt; div.orangehrm-login-slot &amp;gt; div.orangehrm-login-form &amp;gt; form &amp;gt; div:nth-child(2) &amp;gt; div &amp;gt; div:nth-child(2) &amp;gt; input}]
Capabilities {acceptInsecureCerts: true, browserName: firefox, browserVersion: 116.0.3, moz:accessibilityChecks: false, moz:buildID: 20230815173142, moz:debuggerAddress: 127.0.0.1:48120, moz:geckodriverVersion: 0.33.0, moz:headless: false, moz:platformVersion: 21.2.0, moz:processID: 6979, moz:profile: /var/folders/t4/5nzq56xd4wb..., moz:shutdownTimeout: 60000, moz:webdriverClick: true, moz:windowless: false, pageLoadStrategy: normal, platformName: mac, proxy: Proxy(), se:cdp: ws://127.0.0.1:48120/devtoo..., se:cdpVersion: 85.0, setWindowRect: true, strictFileInteractability: false, timeouts: {implicit: 0, pageLoad: 300000, script: 30000}, unhandledPromptBehavior: dismiss and notify}
Session ID: 3bb76c32-9c0e-4c64-9360-4bc0ac7731ff">
      <![CDATA[org.openqa.selenium.NoSuchElementException: Unable to locate element: #app > div.orangehrm-login-layout > div > div.orangehrm-login-container > div > div.orangehrm-login-slot > div.orangehrm-login-form > form > div:nth-child(2) > div > div:nth-child(2) > input
For documentation on this error, please visit: https://www.selenium.dev/documentation/webdriver/troubleshooting/errors#no-such-element-exception
Build info: version: '4.10.0', revision: 'c14d967899'
System info: os.name: 'Mac OS X', os.arch: 'x86_64', os.version: '12.1', java.version: '20.0.2'
Driver info: org.openqa.selenium.firefox.FirefoxDriver
Command: [3bb76c32-9c0e-4c64-9360-4bc0ac7731ff, findElement {using=css selector, value=#app > div.orangehrm-login-layout > div > div.orangehrm-login-container > div > div.orangehrm-login-slot > div.orangehrm-login-form > form > div:nth-child(2) > div > div:nth-child(2) > input}]
Capabilities {acceptInsecureCerts: true, browserName: firefox, browserVersion: 116.0.3, moz:accessibilityChecks: false, moz:buildID: 20230815173142, moz:debuggerAddress: 127.0.0.1:48120, moz:geckodriverVersion: 0.33.0, moz:headless: false, moz:platformVersion: 21.2.0, moz:processID: 6979, moz:profile: /var/folders/t4/5nzq56xd4wb..., moz:shutdownTimeout: 60000, moz:webdriverClick: true, moz:windowless: false, pageLoadStrategy: normal, platformName: mac, proxy: Proxy(), se:cdp: ws://127.0.0.1:48120/devtoo..., se:cdpVersion: 85.0, setWindowRect: true, strictFileInteractability: false, timeouts: {implicit: 0, pageLoad: 300000, script: 30000}, unhandledPromptBehavior: dismiss and notify}
Session ID: 3bb76c32-9c0e-4c64-9360-4bc0ac7731ff
at org.openqa.selenium.remote.codec.w3c.W3CHttpResponseCodec.createException(W3CHttpResponseCodec.java:199)
at org.openqa.selenium.remote.codec.w3c.W3CHttpResponseCodec.decode(W3CHttpResponseCodec.java:132)
at org.openqa.selenium.remote.codec.w3c.W3CHttpResponseCodec.decode(W3CHttpResponseCodec.java:51)
at org.openqa.selenium.remote.HttpCommandExecutor.execute(HttpCommandExecutor.java:191)
at org.openqa.selenium.remote.service.DriverCommandExecutor.invokeExecute(DriverCommandExecutor.java:196)
at org.openqa.selenium.remote.service.DriverCommandExecutor.execute(DriverCommandExecutor.java:171)
at org.openqa.selenium.remote.RemoteWebDriver.execute(RemoteWebDriver.java:531)
at org.openqa.selenium.remote.ElementLocation$ElementFinder$2.findElement(ElementLocation.java:165)
at org.openqa.selenium.remote.ElementLocation.findElement(ElementLocation.java:59)
at org.openqa.selenium.remote.RemoteWebDriver.findElement(RemoteWebDriver.java:350)
at org.openqa.selenium.remote.RemoteWebDriver.findElement(RemoteWebDriver.java:344)
at org.openqa.selenium.support.pagefactory.DefaultElementLocator.findElement(DefaultElementLocator.java:68)
at org.openqa.selenium.support.pagefactory.internal.LocatingElementHandler.invoke(LocatingElementHandler.java:38)
at jdk.proxy2/jdk.proxy2.$Proxy16.sendKeys(Unknown Source)
at pompackage.PomLogin.typeusername(PomLogin.java:25)
at testLayer.LoginTest.Login(LoginTest.java:42)
at java.base/java.util.ArrayList.forEach(ArrayList.java:1511)
... Removed 28 stack frames]]>
    </failure>
  </testcase> <!-- Login -->
  <testcase classname="testLayer.LoginTest" name="Login" time="0.015">
    <failure type="org.openqa.selenium.NoSuchElementException" message="Unable to locate element: #app &amp;gt; div.orangehrm-login-layout &amp;gt; div &amp;gt; div.orangehrm-login-container &amp;gt; div &amp;gt; div.orangehrm-login-slot &amp;gt; div.orangehrm-login-form &amp;gt; form &amp;gt; div:nth-child(2) &amp;gt; div &amp;gt; div:nth-child(2) &amp;gt; input
For documentation on this error, please visit: https://www.selenium.dev/documentation/webdriver/troubleshooting/errors#no-such-element-exception
Build info: version: &amp;apos;4.10.0&amp;apos;, revision: &amp;apos;c14d967899&amp;apos;
System info: os.name: &amp;apos;Mac OS X&amp;apos;, os.arch: &amp;apos;x86_64&amp;apos;, os.version: &amp;apos;12.1&amp;apos;, java.version: &amp;apos;20.0.2&amp;apos;
Driver info: org.openqa.selenium.firefox.FirefoxDriver
Command: [96353e34-beca-4bcd-afaa-7bf382404e45, findElement {using=css selector, value=#app &amp;gt; div.orangehrm-login-layout &amp;gt; div &amp;gt; div.orangehrm-login-container &amp;gt; div &amp;gt; div.orangehrm-login-slot &amp;gt; div.orangehrm-login-form &amp;gt; form &amp;gt; div:nth-child(2) &amp;gt; div &amp;gt; div:nth-child(2) &amp;gt; input}]
Capabilities {acceptInsecureCerts: true, browserName: firefox, browserVersion: 116.0.3, moz:accessibilityChecks: false, moz:buildID: 20230815173142, moz:debuggerAddress: 127.0.0.1:47963, moz:geckodriverVersion: 0.33.0, moz:headless: false, moz:platformVersion: 21.2.0, moz:processID: 6993, moz:profile: /var/folders/t4/5nzq56xd4wb..., moz:shutdownTimeout: 60000, moz:webdriverClick: true, moz:windowless: false, pageLoadStrategy: normal, platformName: mac, proxy: Proxy(), se:cdp: ws://127.0.0.1:47963/devtoo..., se:cdpVersion: 85.0, setWindowRect: true, strictFileInteractability: false, timeouts: {implicit: 0, pageLoad: 300000, script: 30000}, unhandledPromptBehavior: dismiss and notify}
Session ID: 96353e34-beca-4bcd-afaa-7bf382404e45">
      <![CDATA[org.openqa.selenium.NoSuchElementException: Unable to locate element: #app > div.orangehrm-login-layout > div > div.orangehrm-login-container > div > div.orangehrm-login-slot > div.orangehrm-login-form > form > div:nth-child(2) > div > div:nth-child(2) > input
For documentation on this error, please visit: https://www.selenium.dev/documentation/webdriver/troubleshooting/errors#no-such-element-exception
Build info: version: '4.10.0', revision: 'c14d967899'
System info: os.name: 'Mac OS X', os.arch: 'x86_64', os.version: '12.1', java.version: '20.0.2'
Driver info: org.openqa.selenium.firefox.FirefoxDriver
Command: [96353e34-beca-4bcd-afaa-7bf382404e45, findElement {using=css selector, value=#app > div.orangehrm-login-layout > div > div.orangehrm-login-container > div > div.orangehrm-login-slot > div.orangehrm-login-form > form > div:nth-child(2) > div > div:nth-child(2) > input}]
Capabilities {acceptInsecureCerts: true, browserName: firefox, browserVersion: 116.0.3, moz:accessibilityChecks: false, moz:buildID: 20230815173142, moz:debuggerAddress: 127.0.0.1:47963, moz:geckodriverVersion: 0.33.0, moz:headless: false, moz:platformVersion: 21.2.0, moz:processID: 6993, moz:profile: /var/folders/t4/5nzq56xd4wb..., moz:shutdownTimeout: 60000, moz:webdriverClick: true, moz:windowless: false, pageLoadStrategy: normal, platformName: mac, proxy: Proxy(), se:cdp: ws://127.0.0.1:47963/devtoo..., se:cdpVersion: 85.0, setWindowRect: true, strictFileInteractability: false, timeouts: {implicit: 0, pageLoad: 300000, script: 30000}, unhandledPromptBehavior: dismiss and notify}
Session ID: 96353e34-beca-4bcd-afaa-7bf382404e45
at org.openqa.selenium.remote.codec.w3c.W3CHttpResponseCodec.createException(W3CHttpResponseCodec.java:199)
at org.openqa.selenium.remote.codec.w3c.W3CHttpResponseCodec.decode(W3CHttpResponseCodec.java:132)
at org.openqa.selenium.remote.codec.w3c.W3CHttpResponseCodec.decode(W3CHttpResponseCodec.java:51)
at org.openqa.selenium.remote.HttpCommandExecutor.execute(HttpCommandExecutor.java:191)
at org.openqa.selenium.remote.service.DriverCommandExecutor.invokeExecute(DriverCommandExecutor.java:196)
at org.openqa.selenium.remote.service.DriverCommandExecutor.execute(DriverCommandExecutor.java:171)
at org.openqa.selenium.remote.RemoteWebDriver.execute(RemoteWebDriver.java:531)
at org.openqa.selenium.remote.ElementLocation$ElementFinder$2.findElement(ElementLocation.java:165)
at org.openqa.selenium.remote.ElementLocation.findElement(ElementLocation.java:59)
at org.openqa.selenium.remote.RemoteWebDriver.findElement(RemoteWebDriver.java:350)
at org.openqa.selenium.remote.RemoteWebDriver.findElement(RemoteWebDriver.java:344)
at org.openqa.selenium.support.pagefactory.DefaultElementLocator.findElement(DefaultElementLocator.java:68)
at org.openqa.selenium.support.pagefactory.internal.LocatingElementHandler.invoke(LocatingElementHandler.java:38)
at jdk.proxy2/jdk.proxy2.$Proxy16.sendKeys(Unknown Source)
at pompackage.PomLogin.typeusername(PomLogin.java:25)
at testLayer.LoginTest.Login(LoginTest.java:42)
at java.base/java.util.ArrayList.forEach(ArrayList.java:1511)
... Removed 28 stack frames]]>
    </failure>
  </testcase> <!-- Login -->
</testsuite> <!-- TestNG -->
